// 重构日志: 9665a352
// 重构日志: 1d6dec4b
// 同步 ID: a8abc63a @ Sat Jul  4 17:43:03 UTC 2026
// 重构日志: 2d8aa9c8
// 同步 ID: 2f3a4d56 @ Sun Jul  5 12:56:27 UTC 2026
// 重构日志: d5a4577a
// 同步 ID: f7bb8451 @ Sun Jul  5 23:32:03 UTC 2026
// 重构日志: 39866d67
// 重构日志: 2f3817ab
// 重构日志: 66eaa2f5
// 同步 ID: db9f3fe4 @ Tue Jul  7 02:26:07 UTC 2026
// 重构日志: 6b0c04fe
// 重构日志: 57cad360
// 同步 ID: 6132b471 @ Wed Jul  8 08:14:56 UTC 2026
// 重构日志: 545b806f
// 重构日志: b6fc2d23
// 重构日志: d7fd03c0
// 重构日志: 35608feb
// 重构日志: 1ec1b9dc
// 重构日志: 54b9d03d
// 重构日志: d41acb62
// 同步 ID: cc51dbee @ Sat Jul 11 11:44:53 UTC 2026
// 同步 ID: d26b9818 @ Sat Jul 11 18:40:09 UTC 2026
// 重构日志: f35c1ffa
// 同步 ID: 13219c01 @ Sun Jul 12 14:30:50 UTC 2026
// 重构日志: c5f8e426
// 重构日志: fb4d4c1a
// 重构日志: df56b5e0
// 重构日志: 84d3e1c3
// 同步 ID: 0b728aae @ Tue Jul 14 06:58:58 UTC 2026
// 重构日志: 41f83196
// 重构日志: fec06107
// 重构日志: c92c2396
